Analysis & Synthesis report for DMFBTrainMoveVoltageGenerator
Wed May 06 09:06:16 2015
Quartus II Version 9.0 Build 235 06/17/2009 Service Pack 2 SJ Web Edition


---------------------
; Table of Contents ;
---------------------
  1. Legal Notice
  2. Analysis & Synthesis Summary
  3. Analysis & Synthesis Settings
  4. Analysis & Synthesis Source Files Read
  5. Analysis & Synthesis Resource Usage Summary
  6. Analysis & Synthesis Resource Utilization by Entity
  7. State Machine - |DMFBTrainMoveVoltageGenerator|DMFB_Train_Controller:C0|stateCurrent
  8. Registers Removed During Synthesis
  9. General Register Statistics
 10. Multiplexer Restructuring Statistics (Restructuring Performed)
 11. Parameter Settings for User Entity Instance: DMFB_Train_Controller:C0
 12. Parameter Settings for User Entity Instance: DMFB_Train_Datapath:D0|xTimer:T0
 13. Analysis & Synthesis Messages
 14. Analysis & Synthesis Suppressed Messages



----------------
; Legal Notice ;
----------------
Copyright (C) 1991-2009 Altera Corporation
Your use of Altera Corporation's design tools, logic functions 
and other software and tools, and its AMPP partner logic 
functions, and any output files from any of the foregoing 
(including device programming or simulation files), and any 
associated documentation or information are expressly subject 
to the terms and conditions of the Altera Program License 
Subscription Agreement, Altera MegaCore Function License 
Agreement, or other applicable license agreement, including, 
without limitation, that your use is for the sole purpose of 
programming logic devices manufactured by Altera and sold by 
Altera or its authorized distributors.  Please refer to the 
applicable agreement for further details.



+-----------------------------------------------------------------------------------+
; Analysis & Synthesis Summary                                                      ;
+------------------------------------+----------------------------------------------+
; Analysis & Synthesis Status        ; Successful - Wed May 06 09:06:16 2015        ;
; Quartus II Version                 ; 9.0 Build 235 06/17/2009 SP 2 SJ Web Edition ;
; Revision Name                      ; DMFBTrainMoveVoltageGenerator                ;
; Top-level Entity Name              ; DMFBTrainMoveVoltageGenerator                ;
; Family                             ; Cyclone II                                   ;
; Total logic elements               ; 236                                          ;
;     Total combinational functions  ; 232                                          ;
;     Dedicated logic registers      ; 118                                          ;
; Total registers                    ; 118                                          ;
; Total pins                         ; 97                                           ;
; Total virtual pins                 ; 0                                            ;
; Total memory bits                  ; 0                                            ;
; Embedded Multiplier 9-bit elements ; 0                                            ;
; Total PLLs                         ; 0                                            ;
+------------------------------------+----------------------------------------------+


+------------------------------------------------------------------------------------------------------------------------------+
; Analysis & Synthesis Settings                                                                                                ;
+--------------------------------------------------------------+-------------------------------+-------------------------------+
; Option                                                       ; Setting                       ; Default Value                 ;
+--------------------------------------------------------------+-------------------------------+-------------------------------+
; Device                                                       ; EP2C35F672C6                  ;                               ;
; Top-level entity name                                        ; DMFBTrainMoveVoltageGenerator ; DMFBTrainMoveVoltageGenerator ;
; Family name                                                  ; Cyclone II                    ; Stratix II                    ;
; Use Generated Physical Constraints File                      ; Off                           ;                               ;
; Use smart compilation                                        ; Off                           ; Off                           ;
; Restructure Multiplexers                                     ; Auto                          ; Auto                          ;
; Create Debugging Nodes for IP Cores                          ; Off                           ; Off                           ;
; Preserve fewer node names                                    ; On                            ; On                            ;
; Disable OpenCore Plus hardware evaluation                    ; Off                           ; Off                           ;
; Verilog Version                                              ; Verilog_2001                  ; Verilog_2001                  ;
; VHDL Version                                                 ; VHDL93                        ; VHDL93                        ;
; State Machine Processing                                     ; Auto                          ; Auto                          ;
; Safe State Machine                                           ; Off                           ; Off                           ;
; Extract Verilog State Machines                               ; On                            ; On                            ;
; Extract VHDL State Machines                                  ; On                            ; On                            ;
; Ignore Verilog initial constructs                            ; Off                           ; Off                           ;
; Iteration limit for constant Verilog loops                   ; 5000                          ; 5000                          ;
; Iteration limit for non-constant Verilog loops               ; 250                           ; 250                           ;
; Add Pass-Through Logic to Inferred RAMs                      ; On                            ; On                            ;
; Parallel Synthesis                                           ; Off                           ; Off                           ;
; DSP Block Balancing                                          ; Auto                          ; Auto                          ;
; NOT Gate Push-Back                                           ; On                            ; On                            ;
; Power-Up Don't Care                                          ; On                            ; On                            ;
; Remove Redundant Logic Cells                                 ; Off                           ; Off                           ;
; Remove Duplicate Registers                                   ; On                            ; On                            ;
; Ignore CARRY Buffers                                         ; Off                           ; Off                           ;
; Ignore CASCADE Buffers                                       ; Off                           ; Off                           ;
; Ignore GLOBAL Buffers                                        ; Off                           ; Off                           ;
; Ignore ROW GLOBAL Buffers                                    ; Off                           ; Off                           ;
; Ignore LCELL Buffers                                         ; Off                           ; Off                           ;
; Ignore SOFT Buffers                                          ; On                            ; On                            ;
; Limit AHDL Integers to 32 Bits                               ; Off                           ; Off                           ;
; Optimization Technique                                       ; Balanced                      ; Balanced                      ;
; Carry Chain Length                                           ; 70                            ; 70                            ;
; Auto Carry Chains                                            ; On                            ; On                            ;
; Auto Open-Drain Pins                                         ; On                            ; On                            ;
; Perform WYSIWYG Primitive Resynthesis                        ; Off                           ; Off                           ;
; Auto ROM Replacement                                         ; On                            ; On                            ;
; Auto RAM Replacement                                         ; On                            ; On                            ;
; Auto Shift Register Replacement                              ; Auto                          ; Auto                          ;
; Auto Clock Enable Replacement                                ; On                            ; On                            ;
; Strict RAM Replacement                                       ; Off                           ; Off                           ;
; Allow Synchronous Control Signals                            ; On                            ; On                            ;
; Force Use of Synchronous Clear Signals                       ; Off                           ; Off                           ;
; Auto RAM to Logic Cell Conversion                            ; Off                           ; Off                           ;
; Auto Resource Sharing                                        ; Off                           ; Off                           ;
; Allow Any RAM Size For Recognition                           ; Off                           ; Off                           ;
; Allow Any ROM Size For Recognition                           ; Off                           ; Off                           ;
; Allow Any Shift Register Size For Recognition                ; Off                           ; Off                           ;
; Use LogicLock Constraints during Resource Balancing          ; On                            ; On                            ;
; Ignore translate_off and synthesis_off directives            ; Off                           ; Off                           ;
; Timing-Driven Synthesis                                      ; Off                           ; Off                           ;
; Show Parameter Settings Tables in Synthesis Report           ; On                            ; On                            ;
; Ignore Maximum Fan-Out Assignments                           ; Off                           ; Off                           ;
; Synchronization Register Chain Length                        ; 2                             ; 2                             ;
; PowerPlay Power Optimization                                 ; Normal compilation            ; Normal compilation            ;
; HDL message level                                            ; Level2                        ; Level2                        ;
; Suppress Register Optimization Related Messages              ; Off                           ; Off                           ;
; Number of Removed Registers Reported in Synthesis Report     ; 100                           ; 100                           ;
; Number of Inverted Registers Reported in Synthesis Report    ; 100                           ; 100                           ;
; Clock MUX Protection                                         ; On                            ; On                            ;
; Auto Gated Clock Conversion                                  ; Off                           ; Off                           ;
; Block Design Naming                                          ; Auto                          ; Auto                          ;
; SDC constraint protection                                    ; Off                           ; Off                           ;
; Synthesis Effort                                             ; Auto                          ; Auto                          ;
; Shift Register Replacement - Allow Asynchronous Clear Signal ; On                            ; On                            ;
; Analysis & Synthesis Message Level                           ; Medium                        ; Medium                        ;
+--------------------------------------------------------------+-------------------------------+-------------------------------+


+----------------------------------------------------------------------------------------------------------------------------------------------------------------------------------------+
; Analysis & Synthesis Source Files Read                                                                                                                                                 ;
+----------------------------------+-----------------+------------------------+----------------------------------------------------------------------------------------------------------+
; File Name with User-Entered Path ; Used in Netlist ; File Type              ; File Name with Absolute Path                                                                             ;
+----------------------------------+-----------------+------------------------+----------------------------------------------------------------------------------------------------------+
; DMFBTrainMoveVoltageGenerator.v  ; yes             ; User Verilog HDL File  ; C:/Users/ENG/Documents/AlteraProject/ProjDMFBTrainMoveVoltageGenerator_2/DMFBTrainMoveVoltageGenerator.v ;
; DMFB_Train_Controller.v          ; yes             ; User Verilog HDL File  ; C:/Users/ENG/Documents/AlteraProject/ProjDMFBTrainMoveVoltageGenerator_2/DMFB_Train_Controller.v         ;
; xTimer.v                         ; yes             ; User Verilog HDL File  ; C:/Users/ENG/Documents/AlteraProject/ProjDMFBTrainMoveVoltageGenerator_2/xTimer.v                        ;
; NextMoveGenerator.v              ; yes             ; User Verilog HDL File  ; C:/Users/ENG/Documents/AlteraProject/ProjDMFBTrainMoveVoltageGenerator_2/NextMoveGenerator.v             ;
; DMFB_Train_Datapath.v            ; yes             ; User Verilog HDL File  ; C:/Users/ENG/Documents/AlteraProject/ProjDMFBTrainMoveVoltageGenerator_2/DMFB_Train_Datapath.v           ;
; Display_Generator.v              ; yes             ; User Verilog HDL File  ; C:/Users/ENG/Documents/AlteraProject/ProjDMFBTrainMoveVoltageGenerator_2/Display_Generator.v             ;
; Train_Display_Generator.v        ; yes             ; User Verilog HDL File  ; C:/Users/ENG/Documents/AlteraProject/ProjDMFBTrainMoveVoltageGenerator_2/Train_Display_Generator.v       ;
+----------------------------------+-----------------+------------------------+----------------------------------------------------------------------------------------------------------+


+-----------------------------------------------------+
; Analysis & Synthesis Resource Usage Summary         ;
+---------------------------------------------+-------+
; Resource                                    ; Usage ;
+---------------------------------------------+-------+
; Estimated Total logic elements              ; 236   ;
;                                             ;       ;
; Total combinational functions               ; 232   ;
; Logic element usage by number of LUT inputs ;       ;
;     -- 4 input functions                    ; 128   ;
;     -- 3 input functions                    ; 30    ;
;     -- <=2 input functions                  ; 74    ;
;                                             ;       ;
; Logic elements by mode                      ;       ;
;     -- normal mode                          ; 193   ;
;     -- arithmetic mode                      ; 39    ;
;                                             ;       ;
; Total registers                             ; 118   ;
;     -- Dedicated logic registers            ; 118   ;
;     -- I/O registers                        ; 0     ;
;                                             ;       ;
; I/O pins                                    ; 97    ;
; Maximum fan-out node                        ; clock ;
; Maximum fan-out                             ; 90    ;
; Total fan-out                               ; 1117  ;
; Average fan-out                             ; 2.50  ;
+---------------------------------------------+-------+


+--------------------------------------------------------------------------------------------------------------------------------------------------------------------------------------------------------------------------------------------------+
; Analysis & Synthesis Resource Utilization by Entity                                                                                                                                                                                              ;
+------------------------------------+-------------------+--------------+-------------+--------------+---------+-----------+------+--------------+----------------------------------------------------------------------------------+--------------+
; Compilation Hierarchy Node         ; LC Combinationals ; LC Registers ; Memory Bits ; DSP Elements ; DSP 9x9 ; DSP 18x18 ; Pins ; Virtual Pins ; Full Hierarchy Name                                                              ; Library Name ;
+------------------------------------+-------------------+--------------+-------------+--------------+---------+-----------+------+--------------+----------------------------------------------------------------------------------+--------------+
; |DMFBTrainMoveVoltageGenerator     ; 232 (1)           ; 118 (0)      ; 0           ; 0            ; 0       ; 0         ; 97   ; 0            ; |DMFBTrainMoveVoltageGenerator                                                   ; work         ;
;    |DMFB_Train_Controller:C0|      ; 22 (22)           ; 9 (9)        ; 0           ; 0            ; 0       ; 0         ; 0    ; 0            ; |DMFBTrainMoveVoltageGenerator|DMFB_Train_Controller:C0                          ; work         ;
;    |DMFB_Train_Datapath:D0|        ; 209 (0)           ; 109 (0)      ; 0           ; 0            ; 0       ; 0         ; 0    ; 0            ; |DMFBTrainMoveVoltageGenerator|DMFB_Train_Datapath:D0                            ; work         ;
;       |Display_Generator:D1|       ; 7 (7)             ; 7 (7)        ; 0           ; 0            ; 0       ; 0         ; 0    ; 0            ; |DMFBTrainMoveVoltageGenerator|DMFB_Train_Datapath:D0|Display_Generator:D1       ; work         ;
;       |Display_Generator:D2|       ; 7 (7)             ; 7 (7)        ; 0           ; 0            ; 0       ; 0         ; 0    ; 0            ; |DMFBTrainMoveVoltageGenerator|DMFB_Train_Datapath:D0|Display_Generator:D2       ; work         ;
;       |Display_Generator:D6|       ; 7 (7)             ; 7 (7)        ; 0           ; 0            ; 0       ; 0         ; 0    ; 0            ; |DMFBTrainMoveVoltageGenerator|DMFB_Train_Datapath:D0|Display_Generator:D6       ; work         ;
;       |Display_Generator:D7|       ; 7 (7)             ; 7 (7)        ; 0           ; 0            ; 0       ; 0         ; 0    ; 0            ; |DMFBTrainMoveVoltageGenerator|DMFB_Train_Datapath:D0|Display_Generator:D7       ; work         ;
;       |Display_Generator:D8|       ; 7 (7)             ; 7 (7)        ; 0           ; 0            ; 0       ; 0         ; 0    ; 0            ; |DMFBTrainMoveVoltageGenerator|DMFB_Train_Datapath:D0|Display_Generator:D8       ; work         ;
;       |Display_Generator:D9|       ; 7 (7)             ; 7 (7)        ; 0           ; 0            ; 0       ; 0         ; 0    ; 0            ; |DMFBTrainMoveVoltageGenerator|DMFB_Train_Datapath:D0|Display_Generator:D9       ; work         ;
;       |NextMoveGenerator:N0|       ; 51 (51)           ; 28 (28)      ; 0           ; 0            ; 0       ; 0         ; 0    ; 0            ; |DMFBTrainMoveVoltageGenerator|DMFB_Train_Datapath:D0|NextMoveGenerator:N0       ; work         ;
;       |Train_Display_Generator:D5| ; 60 (60)           ; 10 (10)      ; 0           ; 0            ; 0       ; 0         ; 0    ; 0            ; |DMFBTrainMoveVoltageGenerator|DMFB_Train_Datapath:D0|Train_Display_Generator:D5 ; work         ;
;       |xTimer:T0|                  ; 56 (56)           ; 29 (29)      ; 0           ; 0            ; 0       ; 0         ; 0    ; 0            ; |DMFBTrainMoveVoltageGenerator|DMFB_Train_Datapath:D0|xTimer:T0                  ; work         ;
+------------------------------------+-------------------+--------------+-------------+--------------+---------+-----------+------+--------------+----------------------------------------------------------------------------------+--------------+
Note: For table entries with two numbers listed, the numbers in parentheses indicate the number of resources of the given type used by the specific entity alone. The numbers listed outside of parentheses indicate the total resources of the given type used by the specific entity and all of its sub-entities in the hierarchy.


Encoding Type:  One-Hot
+-------------------------------------------------------------------------------------------------------------------------------------------------+
; State Machine - |DMFBTrainMoveVoltageGenerator|DMFB_Train_Controller:C0|stateCurrent                                                            ;
+---------------------------+---------------------------+-----------------------+------------------------+--------------------+-------------------+
; Name                      ; stateCurrent.applyVoltage ; stateCurrent.nextMove ; stateCurrent.resetMove ; stateCurrent.start ; stateCurrent.done ;
+---------------------------+---------------------------+-----------------------+------------------------+--------------------+-------------------+
; stateCurrent.start        ; 0                         ; 0                     ; 0                      ; 0                  ; 0                 ;
; stateCurrent.resetMove    ; 0                         ; 0                     ; 1                      ; 1                  ; 0                 ;
; stateCurrent.nextMove     ; 0                         ; 1                     ; 0                      ; 1                  ; 0                 ;
; stateCurrent.applyVoltage ; 1                         ; 0                     ; 0                      ; 1                  ; 0                 ;
; stateCurrent.done         ; 0                         ; 0                     ; 0                      ; 1                  ; 1                 ;
+---------------------------+---------------------------+-----------------------+------------------------+--------------------+-------------------+


+---------------------------------------------------------------------------------------------------------------------------------------+
; Registers Removed During Synthesis                                                                                                    ;
+-------------------------------------------------------------+-------------------------------------------------------------------------+
; Register name                                               ; Reason for Removal                                                      ;
+-------------------------------------------------------------+-------------------------------------------------------------------------+
; DMFB_Train_Datapath:D0|Display_Generator:D4|disp7[3..6]     ; Stuck at VCC due to stuck port data_in                                  ;
; DMFB_Train_Datapath:D0|Display_Generator:D3|disp7[3..6]     ; Stuck at VCC due to stuck port data_in                                  ;
; DMFB_Train_Datapath:D0|NextMoveGenerator:N0|dropletCount[0] ; Stuck at GND due to stuck port data_in                                  ;
; DMFB_Train_Datapath:D0|Display_Generator:D4|disp7[0..2]     ; Stuck at VCC due to stuck port data_in                                  ;
; DMFB_Train_Datapath:D0|Display_Generator:D3|disp7[0..2]     ; Stuck at VCC due to stuck port data_in                                  ;
; DMFB_Train_Datapath:D0|NextMoveGenerator:N0|dropletCount[2] ; Merged with DMFB_Train_Datapath:D0|NextMoveGenerator:N0|dropletCount[1] ;
; DMFB_Train_Controller:C0|stateCurrent~15                    ; Lost fanout                                                             ;
; DMFB_Train_Controller:C0|stateCurrent~16                    ; Lost fanout                                                             ;
; DMFB_Train_Controller:C0|act_N                              ; Stuck at VCC due to stuck port data_in                                  ;
; Total Number of Removed Registers = 19                      ;                                                                         ;
+-------------------------------------------------------------+-------------------------------------------------------------------------+


+------------------------------------------------------+
; General Register Statistics                          ;
+----------------------------------------------+-------+
; Statistic                                    ; Value ;
+----------------------------------------------+-------+
; Total registers                              ; 118   ;
; Number of registers using Synchronous Clear  ; 28    ;
; Number of registers using Synchronous Load   ; 8     ;
; Number of registers using Asynchronous Clear ; 0     ;
; Number of registers using Asynchronous Load  ; 0     ;
; Number of registers using Clock Enable       ; 25    ;
; Number of registers using Preset             ; 0     ;
+----------------------------------------------+-------+


+--------------------------------------------------------------------------------------------------------------------------------------------------------------------------------------------------------+
; Multiplexer Restructuring Statistics (Restructuring Performed)                                                                                                                                         ;
+--------------------+-----------+---------------+----------------------+------------------------+------------+------------------------------------------------------------------------------------------+
; Multiplexer Inputs ; Bus Width ; Baseline Area ; Area if Restructured ; Saving if Restructured ; Registered ; Example Multiplexer Output                                                               ;
+--------------------+-----------+---------------+----------------------+------------------------+------------+------------------------------------------------------------------------------------------+
; 5:1                ; 28 bits   ; 84 LEs        ; 28 LEs               ; 56 LEs                 ; Yes        ; |DMFBTrainMoveVoltageGenerator|DMFB_Train_Datapath:D0|xTimer:T0|counter[25]              ;
; 5:1                ; 8 bits    ; 24 LEs        ; 8 LEs                ; 16 LEs                 ; Yes        ; |DMFBTrainMoveVoltageGenerator|DMFB_Train_Datapath:D0|NextMoveGenerator:N0|A2[0]         ;
; 5:1                ; 4 bits    ; 12 LEs        ; 4 LEs                ; 8 LEs                  ; Yes        ; |DMFBTrainMoveVoltageGenerator|DMFB_Train_Datapath:D0|NextMoveGenerator:N0|locCurrent[3] ;
; 6:1                ; 8 bits    ; 32 LEs        ; 8 LEs                ; 24 LEs                 ; Yes        ; |DMFBTrainMoveVoltageGenerator|DMFB_Train_Datapath:D0|NextMoveGenerator:N0|A4[3]         ;
; 3:1                ; 3 bits    ; 6 LEs         ; 3 LEs                ; 3 LEs                  ; No         ; |DMFBTrainMoveVoltageGenerator|DMFB_Train_Controller:C0|stateCurrent~4                   ;
+--------------------+-----------+---------------+----------------------+------------------------+------------+------------------------------------------------------------------------------------------+


+-----------------------------------------------------------------------+
; Parameter Settings for User Entity Instance: DMFB_Train_Controller:C0 ;
+----------------+-------+----------------------------------------------+
; Parameter Name ; Value ; Type                                         ;
+----------------+-------+----------------------------------------------+
; start          ; 000   ; Unsigned Binary                              ;
; resetMove      ; 001   ; Unsigned Binary                              ;
; nextMove       ; 010   ; Unsigned Binary                              ;
; applyVoltage   ; 011   ; Unsigned Binary                              ;
; done           ; 100   ; Unsigned Binary                              ;
+----------------+-------+----------------------------------------------+
Note: In order to hide this table in the UI and the text report file, please set the "Show Parameter Settings Tables in Synthesis Report" option in "Analysis and Synthesis Settings -> More Settings" to "Off".


+-------------------------------------------------------------------------------+
; Parameter Settings for User Entity Instance: DMFB_Train_Datapath:D0|xTimer:T0 ;
+----------------+-----------+--------------------------------------------------+
; Parameter Name ; Value     ; Type                                             ;
+----------------+-----------+--------------------------------------------------+
; delay_t        ; 0         ; Signed Integer                                   ;
; clkPeriod1     ; 3000000   ; Signed Integer                                   ;
; clkPeriod2     ; 200000000 ; Signed Integer                                   ;
; clkPeriodHalf1 ; 1500000   ; Signed Integer                                   ;
; clkPeriodHalf2 ; 100000000 ; Signed Integer                                   ;
; N              ; 27        ; Signed Integer                                   ;
+----------------+-----------+--------------------------------------------------+
Note: In order to hide this table in the UI and the text report file, please set the "Show Parameter Settings Tables in Synthesis Report" option in "Analysis and Synthesis Settings -> More Settings" to "Off".


+-------------------------------+
; Analysis & Synthesis Messages ;
+-------------------------------+
Info: *******************************************************************
Info: Running Quartus II Analysis & Synthesis
    Info: Version 9.0 Build 235 06/17/2009 Service Pack 2 SJ Web Edition
    Info: Processing started: Wed May 06 09:06:13 2015
Info: Command: quartus_map --read_settings_files=on --write_settings_files=off DMFBTrainMoveVoltageGenerator -c DMFBTrainMoveVoltageGenerator
Info: Found 1 design units, including 1 entities, in source file DMFBTrainMoveVoltageGenerator.v
    Info: Found entity 1: DMFBTrainMoveVoltageGenerator
Info: Found 1 design units, including 1 entities, in source file DMFB_Train_Controller.v
    Info: Found entity 1: DMFB_Train_Controller
Info: Found 1 design units, including 1 entities, in source file xTimer.v
    Info: Found entity 1: xTimer
Info: Found 1 design units, including 1 entities, in source file NextMoveGenerator.v
    Info: Found entity 1: NextMoveGenerator
Info: Found 1 design units, including 1 entities, in source file DMFB_Train_Datapath.v
    Info: Found entity 1: DMFB_Train_Datapath
Info: Found 1 design units, including 1 entities, in source file Display_Generator.v
    Info: Found entity 1: Display_Generator
Info: Found 1 design units, including 1 entities, in source file Train_Display_Generator.v
    Info: Found entity 1: Train_Display_Generator
Info: Elaborating entity "DMFBTrainMoveVoltageGenerator" for the top level hierarchy
Info: Elaborating entity "DMFB_Train_Controller" for hierarchy "DMFB_Train_Controller:C0"
Info: Elaborating entity "DMFB_Train_Datapath" for hierarchy "DMFB_Train_Datapath:D0"
Info: Elaborating entity "NextMoveGenerator" for hierarchy "DMFB_Train_Datapath:D0|NextMoveGenerator:N0"
Warning (10230): Verilog HDL assignment warning at NextMoveGenerator.v(50): truncated value with size 4 to match size of target (3)
Warning (10230): Verilog HDL assignment warning at NextMoveGenerator.v(55): truncated value with size 4 to match size of target (3)
Warning (10230): Verilog HDL assignment warning at NextMoveGenerator.v(74): truncated value with size 32 to match size of target (2)
Warning (10230): Verilog HDL assignment warning at NextMoveGenerator.v(78): truncated value with size 32 to match size of target (2)
Warning (10230): Verilog HDL assignment warning at NextMoveGenerator.v(82): truncated value with size 32 to match size of target (2)
Warning (10230): Verilog HDL assignment warning at NextMoveGenerator.v(86): truncated value with size 32 to match size of target (4)
Warning (10230): Verilog HDL assignment warning at NextMoveGenerator.v(98): truncated value with size 32 to match size of target (2)
Warning (10230): Verilog HDL assignment warning at NextMoveGenerator.v(102): truncated value with size 32 to match size of target (4)
Info: Elaborating entity "xTimer" for hierarchy "DMFB_Train_Datapath:D0|xTimer:T0"
Warning (10230): Verilog HDL assignment warning at xTimer.v(49): truncated value with size 32 to match size of target (28)
Warning (10230): Verilog HDL assignment warning at xTimer.v(62): truncated value with size 32 to match size of target (28)
Info: Elaborating entity "Display_Generator" for hierarchy "DMFB_Train_Datapath:D0|Display_Generator:D1"
Info: Elaborating entity "Train_Display_Generator" for hierarchy "DMFB_Train_Datapath:D0|Train_Display_Generator:D5"
Warning: Output pins are stuck at VCC or GND
    Warning (13410): Pin "display3[0]" is stuck at VCC
    Warning (13410): Pin "display3[1]" is stuck at VCC
    Warning (13410): Pin "display3[2]" is stuck at VCC
    Warning (13410): Pin "display3[3]" is stuck at VCC
    Warning (13410): Pin "display3[4]" is stuck at VCC
    Warning (13410): Pin "display3[5]" is stuck at VCC
    Warning (13410): Pin "display3[6]" is stuck at VCC
    Warning (13410): Pin "display4[0]" is stuck at VCC
    Warning (13410): Pin "display4[1]" is stuck at VCC
    Warning (13410): Pin "display4[2]" is stuck at VCC
    Warning (13410): Pin "display4[3]" is stuck at VCC
    Warning (13410): Pin "display4[4]" is stuck at VCC
    Warning (13410): Pin "display4[5]" is stuck at VCC
    Warning (13410): Pin "display4[6]" is stuck at VCC
Info: 2 registers lost all their fanouts during netlist optimizations. The first 2 are displayed below.
    Info: Register "DMFB_Train_Controller:C0|stateCurrent~15" lost all its fanouts during netlist optimizations.
    Info: Register "DMFB_Train_Controller:C0|stateCurrent~16" lost all its fanouts during netlist optimizations.
Info: Generated suppressed messages file C:/Users/ENG/Documents/AlteraProject/ProjDMFBTrainMoveVoltageGenerator_2/DMFBTrainMoveVoltageGenerator.map.smsg
Info: Implemented 333 device resources after synthesis - the final resource count might be different
    Info: Implemented 13 input pins
    Info: Implemented 84 output pins
    Info: Implemented 236 logic cells
Info: Quartus II Analysis & Synthesis was successful. 0 errors, 25 warnings
    Info: Peak virtual memory: 226 megabytes
    Info: Processing ended: Wed May 06 09:06:16 2015
    Info: Elapsed time: 00:00:03
    Info: Total CPU time (on all processors): 00:00:02


+------------------------------------------+
; Analysis & Synthesis Suppressed Messages ;
+------------------------------------------+
The suppressed messages can be found in C:/Users/ENG/Documents/AlteraProject/ProjDMFBTrainMoveVoltageGenerator_2/DMFBTrainMoveVoltageGenerator.map.smsg.


